0.0604667
0.120933
0.1814
0.241867
0.302333
0.3628
0.423267
0.483733
0.5442
0.604667
0.665133
0.7256
0.786067
0.846533
0.907
0.967467
1.02793
1.0884
1.14887
1.20933
1.2698
1.33027
1.39073
1.4512
1.51167
1.57213
1.6326
1.69307
1.75353
1.814
1.87447
1.93493
1.9954
2.05587
2.11633
2.1768
2.23727
2.29773
2.3582
2.41867
2.47913
2.5396
2.60007
2.66053
2.721
2.78147
2.84193
2.9024
2.96287
3.02333
3.0838
3.14427
3.20473
3.2652
3.32567
3.38613
3.4466
3.50707
3.56753
3.628
3.68847
3.74893
3.8094
3.86987
3.93033
3.9908
4.05127
4.11173
4.1722
4.23267
4.29313
4.3536
4.41407
4.47453
4.535
4.59547
4.65593
4.7164
4.77687
4.83733
4.8978
4.95827
5.01873
5.0792
5.13967
5.20013
5.2606
5.32107
5.38153
5.442
5.50247
5.56293
5.6234
5.68387
5.74433
5.8048
5.86527
5.92573
5.9862
6.04667
6.10713
6.1676
6.22807
6.28853
6.349
6.40947
6.46993
6.5304
6.59087
6.65133
6.7118
6.77227
6.83273
6.8932
6.95367
7.01413
7.0746
7.13507
7.19553
7.256
7.31647
7.37693
7.4374
7.49787
7.55833
7.6188
7.67927
7.73973
7.8002
7.86067
7.92113
7.9816
8.04207
8.10253
8.163
8.22347
8.28393
8.3444
8.40487
8.46533
8.5258
8.58627
8.64673
8.7072
8.76767
8.82813
8.8886
8.94907
9.00953
9.07
9.13047
9.19093
9.2514
9.31187
9.37233
9.4328
9.49327
9.55373
9.6142
9.67467
9.73513
9.7956
9.85607
9.91653
9.977
10.0375
10.0979
10.1584
10.2189
10.2793
10.3398
10.4003
10.4607
10.5212
10.5817
10.6421
10.7026
10.7631
10.8235
10.884
10.9445
11.0049
11.0654
11.1259
11.1863
11.2468
11.3073
11.3677
11.4282
11.4887
11.5491
11.6096
11.6701
11.7305
11.791
11.8515
11.9119
11.9724
12.0329
12.0933
12.1538
12.2143
12.2747
12.3352
12.3957
12.4561
12.5166
12.5771
12.6375
12.698
12.7585
12.8189
12.8794
12.9399
13.0003
13.0608
13.1213
13.1817
13.2422
13.3027
13.3631
13.4236
13.4841
13.5445
13.605
13.6655
13.7259
13.7864
13.8469
13.9073
13.9678
14.0283
14.0887
14.1492
14.2097
14.2701
14.3306
14.3911
14.4515
14.512
14.5725
14.6329
14.6934
14.7539
14.8143
14.8748
14.9353
14.9957
15.0562
15.1167
15.1771
15.2376
15.2981
15.3585
15.419
15.4795
15.5399
15.6004
15.6609
15.7213
15.7818
15.8423
15.9027
15.9632
16.0237
16.0841
16.1446
16.2051
16.2655
16.326
16.3865
16.4469
16.5074
16.5679
16.6283
16.6888
16.7493
16.8097
16.8702
16.9307
16.9911
17.0516
17.1121
17.1725
17.233
17.2935
17.3539
17.4144
17.4749
17.5353
17.5958
17.6563
17.7167
17.7772
17.8377
17.8981
17.9586
18.0191
18.0795
18.14
18.2005
18.2609
18.3214
18.3819
18.4423
18.5028
18.5633
18.6237
18.6842
18.7447
18.8051
18.8656
18.9261
18.9865
19.047
19.1075
19.1679
19.2284
19.2889
19.3493
19.4098
19.4703
19.5307
19.5912
19.6517
19.7121
19.7726
19.8331
19.8935
19.954
20.0145