0.00202421
0.00799267
0.0176149
0.030445
0.0459022
0.0632967
0.0818611
0.100783
0.119243
0.136447
0.15166
0.164244
0.173675
0.179572
0.18171
0.180027
0.140215
0.062286
-0.0176913
-0.0962441
-0.16999
-0.235782
-0.290843
-0.332882
-0.36019
-0.37171
-0.367072
-0.346612
-0.311343
-0.262912
-0.203521
-0.135825
-0.0628192
0.0122986
0.0862652
0.155894
0.218212
0.270586
0.310836
0.337323
0.349016
0.345531
0.327144
0.294774
0.249933
0.194662
0.131437
0.0630535
-0.00749001
-0.0771277
-0.142858
-0.201873
-0.251678
-0.290197
-0.315859
-0.32766
-0.325206
-0.30872
-0.279031
-0.237529
-0.186106
-0.127066
-0.0630228
0.00321524
0.0687677
0.130808
0.186684
0.234032
0.270877
0.295713
0.307566
0.306032
0.291287
0.264077
0.22568
0.177849
0.122728
0.0627583
0.000571985
-0.0611259
-0.119673
-0.172567
-0.217567
-0.252794
-0.276808
-0.288663
-0.287946
-0.274794
-0.249876
-0.214366
-0.169887
-0.118434
-0.0622884
-0.00391438
0.054147
0.10939
0.15945
0.202207
0.235873
0.25907
0.270881
0.27089
0.259193
0.236394
0.203567
0.162216
0.114196
0.0616387
0.00685135
-0.04778
-0.0998958
-0.147265
-0.18788
-0.220042
-0.24243
-0.254158
-0.254807
-0.24444
-0.223597
-0.193264
-0.15483
-0.110024
-0.0608328
-0.00941922
0.0419771
0.0911355
0.13595
0.174521
0.205232
0.226821
0.238432
0.239644
0.230491
0.211454
0.183437
0.147725
0.105924
0.059892
0.0116515
-0.0366944
-0.0830558
-0.125446
-0.162065
-0.19138
-0.212183
-0.223646
-0.22535
-0.217304
-0.199933
-0.174067
-0.140893
-0.101905
-0.0588355
-0.0135789
0.031891
0.0756076
0.115696
0.150455
0.178426
0.198456
0.209746
0.211879
0.204839
0.189006
0.165137
0.13433
0.097972
0.0576809
0.0152299
-0.0275289
-0.0687453
-0.106651
-0.139636
-0.166314
-0.185586
-0.19668
-0.199184
-0.19306
-0.178645
-0.156629
-0.128027
-0.0941295
-0.056444
-0.0166305
0.023573
0.0624261
0.0982611
0.129555
0.154992
0.173522
0.184401
0.187222
0.181931
0.168821
0.148526
0.121979
0.0903815
0.055139
0.0178048
-0.0199906
-0.0566104
-0.0904818
-0.120164
-0.144409
-0.162214
-0.172862
-0.175954
-0.171417
-0.15951
-0.14081
-0.116179
-0.0867312
-0.0537789
-0.0187748
0.0167517
0.0512612
0.0832709
0.111418
0.134519
0.151616
0.162022
0.16534
0.161486
0.150687
0.133465
0.110619
0.0831808
0.0523752
0.0195606
-0.0138283
-0.0463442
-0.0765892
-0.103275
-0.125278
-0.141687
-0.151837
-0.155343
-0.152108
-0.142327
-0.126476
-0.105292
-0.0797321
-0.0509382
-0.020181
0.0111945
0.0418273
0.0704
0.0956949
0.116646
0.132384
0.142272
0.14593
0.143253
0.134408
0.119828
0.100191
0.0763862
0.0494774
0.0206528
-0.00882638
-0.0376809
-0.064669
-0.0886401
-0.108583
-0.12367
-0.133288
-0.137068
-0.134894
-0.126908
-0.113506
-0.0953086
-0.0731436
-0.0480009
-0.0209916
0.00670181
0.0338771
0.0593644
0.0820761
0.101054
0.115509
0.124853
0.128725
0.127003
0.119808
0.107494
0.0906382
0.0700045
0.0465162
0.0212118
-0.00480034
-0.0303904
-0.0544561
-0.0759702
-0.094024
-0.107866
-0.116933
-0.120872
-0.119556
-0.113085
-0.101781
-0.0861722
-0.0669687
-0.0450298
-0.0213264
0.00310304
0.0271967
0.0499164
0.0702918
0.0874616
0.100711
0.109498
0.113482
0.11253
0.106723
0.0963521
0.0819037
0.0640354
0.0435476
0.0213472
-0.00159244
-0.0242739
-0.0457194
-0.0650123
-0.0813368
-0.0940121
-0.10252
-0.106529
-0.105901
-0.100702
-0.0911948
-0.0778255
