0.0285037 0 0
0.0570073 0 0
0.085511 0 0
0.114015 0 0
0.142518 0 0
0.171022 0 0
0.199526 0 0
0.228029 0 0
0.256533 0 0
0.285037 0 0
0.31354 0 0
0.342044 0 0
0.370548 0 0
0.399051 0 0
0.427555 0 0
0.456059 0 0
0.484562 0 0
0.513066 0 0
0.54157 0 0
0.570073 0 0
0.598577 0 0
0.627081 0 0
0.655584 0 0
0.684088 0 0
0.712592 0 0
0.741095 0 0
0.769599 0 0
0.798103 0 0
0.826606 0 0
0.85511 0 0
0.883614 0 0
0.912117 0 0
0.940621 0 0
0.969125 0 0
0.997628 0 0
1.02613 0 0
1.05464 0 0
1.08314 0 0
1.11164 0 0
1.14015 0 0
1.16865 0 0
1.19715 0 0
1.22566 0 0
1.25416 0 0
1.28267 0 0
1.31117 0 0
1.33967 0 0
1.36818 0 0
1.39668 0 0
1.42518 0 0
1.45369 0 0
1.48219 0 0
1.51069 0 0
1.5392 0 0
1.5677 0 0
1.59621 0 0
1.62471 0 0
1.65321 0 0
1.68172 0 0
1.71022 0 0
1.73872 0 0
1.76723 0 0
1.79573 0 0
1.82423 0 0
1.85274 0 0
1.88124 0 0
1.90975 0 0
1.93825 0 0
1.96675 0 0
1.99526 0 0
2.02376 0 0
2.05226 0 0
2.08077 0 0
2.10927 0 0
2.13778 0 0
2.16628 0 0
2.19478 0 0
2.22329 0 0
2.25179 0 0
2.28029 0 0
2.3088 0 0
2.3373 0 0
2.3658 0 0
2.39431 0 0
2.42281 0 0
2.45132 0 0
2.47982 0 0
2.50832 0 0
2.53683 0 0
2.56533 0 0
2.59383 0 0
2.62234 0 0
2.65084 0 0
2.67934 0 0
2.70785 0 0
2.73635 0 0
2.76486 0 0
2.79336 0 0
2.82186 0 0
2.85037 0 0
2.87887 0 0
2.90737 0 0
2.93588 0 0
2.96438 0 0
2.99289 0 0
3.02139 0 0
3.04989 0 0
3.0784 0 0
3.1069 0 0
3.1354 0 0
3.16391 0 0
3.19241 0 0
3.22091 0 0
3.24942 0 0
3.27792 0 0
3.30643 0 0
3.33493 0 0
3.36343 0 0
3.39194 0 0
3.42044 0 0
3.44894 0 0
3.47745 0 0
3.50595 0 0
3.53446 0 0
3.56296 0 0
3.59146 0 0
3.61997 0 0
3.64847 0 0
3.67697 0 0
3.70548 0 0
3.73398 0 0
3.76248 0 0
3.79099 0 0
3.81949 0 0
3.848 0 0
3.8765 0 0
3.905 0 0
3.93351 0 0
3.96201 0 0
3.99051 0 0
4.01902 0 0
4.04752 0 0
4.07602 0 0
4.10453 0 0
4.13303 0 0
4.16154 0 0
4.19004 0 0
4.21854 0 0
4.24705 0 0
4.27555 0 0
4.30405 0 0
4.33256 0 0
4.36106 0 0
4.38957 0 0
4.41807 0 0
4.44657 0 0
4.47508 0 0
4.50358 0 0
4.53208 0 0
4.56059 0 0
4.58909 0 0
4.61759 0 0
4.6461 0 0
4.6746 0 0
4.70311 0 0
4.73161 0 0
4.76011 0 0
4.78862 0 0
4.81712 0 0
4.84562 0 0
4.87413 0 0
4.90263 0 0
4.93113 0 0
4.95964 0 0
4.98814 0 0
5.01665 0 0
5.04515 0 0
5.07365 0 0
5.10216 0 0
5.13066 0 0
5.15916 0 0
5.18767 0 0
5.21617 0 0
5.24468 0 0
5.27318 0 0
5.30168 0 0
5.33019 0 0
5.35869 0 0
5.38719 0 0
5.4157 0 0
5.4442 0 0
5.4727 0 0
5.50121 0 0
5.52971 0 0
5.55822 0 0
5.58672 0 0
5.61522 0 0
5.64373 0 0
5.67223 0 0
5.70073 0 0
5.72924 0 0
5.75774 0 0
5.78625 0 0
5.81475 0 0
5.84325 0 0
5.87176 0 0
5.90026 0 0
5.92876 0 0
5.95727 0 0
5.98577 0 0
6.01427 0 0
6.04278 0 0
6.07128 0 0
6.09979 0 0
6.12829 0 0
6.15679 0 0
6.1853 0 0
6.2138 0 0
6.2423 0 0
6.27081 0 0
6.29931 0 0
6.32781 0 0
6.35632 0 0
6.38482 0 0
6.41333 0 0
6.44183 0 0
6.47033 0 0
6.49884 0 0
6.52734 0 0
6.55584 0 0
6.58435 0 0
6.61285 0 0
6.64136 0 0
6.66986 0 0
6.69836 0 0
6.72687 0 0
6.75537 0 0
6.78387 0 0
6.81238 0 0
6.84088 0 0
6.86938 0 0
6.89789 0 0
6.92639 0 0
6.9549 0 0
6.9834 0 0
7.0119 0 0
7.04041 0 0
7.06891 0 0
7.09741 0 0
7.12592 0 0
7.15442 0 0
7.18292 0 0
7.21143 0 0
7.23993 0 0
7.26844 0 0
7.29694 0 0
7.32544 0 0
7.35395 0 0
7.38245 0 0
7.41095 0 0
7.43946 0 0
7.46796 0 0
7.49647 0 0
7.52497 0 0
7.55347 0 0
7.58198 0 0
7.61048 0 0
7.63898 0 0
7.66749 0 0
7.69599 0 0
7.72449 0 0
7.753 0 0
7.7815 0 0
7.81001 0 0
7.83851 0 0
7.86701 0 0
7.89552 0 0
7.92402 0 0
7.95252 0 0
7.98103 0 0
8.00953 0 0
8.03803 0 0
8.06654 0 0
8.09504 0 0
8.12355 0 0
8.15205 0 0
8.18055 0 0
8.20906 0 0
8.23756 0 0
8.26606 0 0
8.29457 0 0
8.32307 0 0
8.35158 0 0
8.38008 0 0
8.40858 0 0
8.43709 0 0
8.46559 0 0
8.49409 0 0
8.5226 0 0
8.5511 0 0
8.5796 0 0
8.60811 0 0
8.63661 0 0
8.66512 0 0
8.69362 0 0
8.72212 0 0
8.75063 0 0
8.77913 0 0
8.80763 0 0
8.83614 0 0
8.86464 0 0
8.89315 0 0
8.92165 0 0
8.95015 0 0
8.97866 0 0
9.00716 0 0
9.03566 0 0
9.06417 0 0
9.09267 0 0
9.12117 0 0
9.14968 0 0
9.17818 0 0
9.20669 0 0
9.23519 0 0
9.26369 0 0
9.2922 0 0
9.3207 0 0
9.3492 0 0
9.37771 0 0
9.40621 0 0
9.43471 0 0
9.46322 0 0
9.49172 0 0
9.52023 0 0
9.54873 0 0
9.57723 0 0
9.60574 0 0
9.63424 0 0
9.66274 0 0
9.69125 0 0
9.71975 0 0
9.74826 0 0
9.77676 0 0
9.80526 0 0
9.83377 0 0
9.86227 0 0
9.89077 0 0
9.91928 0 0
9.94778 0 0
9.97628 0 0
10.0048 0 0
10.0333 0 0
10.0618 0 0
10.0903 0 0
10.1188 0 0
10.1473 0 0
10.1758 0 0
10.2043 0 0
10.2328 0 0
10.2613 0 0
10.2898 0 0
10.3183 0 0
10.3468 0 0
10.3753 0 0
10.4038 0 0
10.4323 0 0
10.4608 0 0
10.4894 0 0
10.5179 0 0
10.5464 0 0
10.5749 0 0
10.6034 0 0
10.6319 0 0
10.6604 0 0
10.6889 0 0
10.7174 0 0
10.7459 0 0
10.7744 0 0
10.8029 0 0
10.8314 0 0
10.8599 0 0
10.8884 0 0
10.9169 0 0
10.9454 0 0
10.9739 0 0
11.0024 0 0
11.0309 0 0
11.0594 0 0
11.0879 0 0
11.1164 0 0
11.1449 0 0
11.1734 0 0
11.2019 0 0
11.2304 0 0
11.2589 0 0
11.2875 0 0
11.316 0 0
11.3445 0 0
11.373 0 0
11.4015 0 0
11.43 0 0
11.4585 0 0
11.487 0 0
11.5155 0 0
11.544 0 0
11.5725 0 0
11.601 0 0
11.6295 0 0
11.658 0 0
11.6865 0 0
11.715 0 0
11.7435 0 0
11.772 0 0
11.8005 0 0
11.829 0 0
11.8575 0 0
11.886 0 0
11.9145 0 0
11.943 0 0
11.9715 0 0
12 0 0
12.0285 0 0
12.0571 0 0
12.0856 0 0
12.1141 0 0
12.1426 0 0
12.1711 0 0
12.1996 0 0
12.2281 0 0
12.2566 0 0
12.2851 0 0
12.3136 0 0
12.3421 0 0
12.3706 0 0
12.3991 0 0
12.4276 0 0
12.4561 0 0
12.4846 0 0
12.5131 0 0
12.5416 0 0
12.5701 0 0
12.5986 0 0
12.6271 0 0
12.6556 0 0
12.6841 0 0
12.7126 0 0
12.7411 0 0
12.7696 0 0
12.7981 0 0
12.8267 0 0
12.8552 0 0
12.8837 0 0
12.9122 0 0
12.9407 0 0
12.9692 0 0
12.9977 0 0
13.0262 0 0
13.0547 0 0
13.0832 0 0
13.1117 0 0
13.1402 0 0
13.1687 0 0
13.1972 0 0
13.2257 0 0
13.2542 0 0
13.2827 0 0
13.3112 0 0
13.3397 0 0
13.3682 0 0
13.3967 0 0
13.4252 0 0
13.4537 0 0
13.4822 0 0
13.5107 0 0
13.5392 0 0
13.5677 0 0
13.5963 0 0
13.6248 0 0
13.6533 0 0
13.6818 0 0
13.7103 0 0
13.7388 0 0
13.7673 0 0
13.7958 0 0
13.8243 0 0
13.8528 0 0
13.8813 0 0
13.9098 0 0
13.9383 0 0
13.9668 0 0
13.9953 0 0
14.0238 0 0
14.0523 0 0
14.0808 0 0
14.1093 0 0
14.1378 0 0
14.1663 0 0
14.1948 0 0
14.2233 0 0
14.2518 0 0
14.2803 0 0
14.3088 0 0
14.3373 0 0
14.3658 0 0
14.3944 0 0
14.4229 0 0
14.4514 0 0
14.4799 0 0
14.5084 0 0
14.5369 0 0
14.5654 0 0
14.5939 0 0
14.6224 0 0
14.6509 0 0
14.6794 0 0
14.7079 0 0
14.7364 0 0
14.7649 0 0
14.7934 0 0
14.8219 0 0
14.8504 0 0
14.8789 0 0
14.9074 0 0
14.9359 0 0
14.9644 0 0
14.9929 0 0
15.0214 0 0
15.0499 0 0
15.0784 0 0
15.1069 0 0
15.1354 0 0
15.164 0 0
15.1925 0 0
15.221 0 0
15.2495 0 0
15.278 0 0
15.3065 0 0
15.335 0 0
15.3635 0 0
15.392 0 0
15.4205 0 0
15.449 0 0
15.4775 0 0
15.506 0 0
15.5345 0 0
15.563 0 0
15.5915 0 0
15.62 0 0
15.6485 0 0
15.677 0 0
15.7055 0 0
15.734 0 0
15.7625 0 0
15.791 0 0
15.8195 0 0
15.848 0 0
15.8765 0 0
15.905 0 0
15.9336 0 0
15.9621 0 0
15.9906 0 0
16.0191 0 0
16.0476 0 0
16.0761 0 0
16.1046 0 0
16.1331 0 0
16.1616 0 0
16.1901 0 0
16.2186 0 0
16.2471 0 0
16.2756 0 0
16.3041 0 0
16.3326 0 0
16.3611 0 0
16.3896 0 0
16.4181 0 0
16.4466 0 0
16.4751 0 0
16.5036 0 0
16.5321 0 0
16.5606 0 0
16.5891 0 0
16.6176 0 0
16.6461 0 0
16.6746 0 0
16.7032 0 0
16.7317 0 0
16.7602 0 0
16.7887 0 0
16.8172 0 0
16.8457 0 0
16.8742 0 0
16.9027 0 0
16.9312 0 0
16.9597 0 0
16.9882 0 0
17.0167 0 0
17.0452 0 0
17.0737 0 0
17.1022 0 0
17.1307 0 0
17.1592 0 0
17.1877 0 0
17.2162 0 0
17.2447 0 0
17.2732 0 0
17.3017 0 0
17.3302 0 0
17.3587 0 0
17.3872 0 0
17.4157 0 0
17.4442 0 0
17.4727 0 0
17.5013 0 0
17.5298 0 0
17.5583 0 0
17.5868 0 0
17.6153 0 0
17.6438 0 0
17.6723 0 0
17.7008 0 0
17.7293 0 0
17.7578 0 0
17.7863 0 0
17.8148 0 0
17.8433 0 0
17.8718 0 0
17.9003 0 0
17.9288 0 0
17.9573 0 0
17.9858 0 0
18.0143 0 0
18.0428 0 0
18.0713 0 0
18.0998 0 0
18.1283 0 0
18.1568 0 0
18.1853 0 0
18.2138 0 0
18.2423 0 0
18.2709 0 0
18.2994 0 0
18.3279 0 0
18.3564 0 0
18.3849 0 0
18.4134 0 0
18.4419 0 0
18.4704 0 0
18.4989 0 0
18.5274 0 0
18.5559 0 0
18.5844 0 0
18.6129 0 0
18.6414 0 0
18.6699 0 0
18.6984 0 0
18.7269 0 0
18.7554 0 0
18.7839 0 0
18.8124 0 0
18.8409 0 0
18.8694 0 0
18.8979 0 0
18.9264 0 0
18.9549 0 0
18.9834 0 0
19.0119 0 0
19.0405 0 0
19.069 0 0
19.0975 0 0
19.126 0 0
19.1545 0 0
19.183 0 0
19.2115 0 0
19.24 0 0
19.2685 0 0
19.297 0 0
19.3255 0 0
19.354 0 0
19.3825 0 0
19.411 0 0
19.4395 0 0
19.468 0 0
19.4965 0 0
19.525 0 0
19.5535 0 0
19.582 0 0
19.6105 0 0
19.639 0 0
19.6675 0 0
19.696 0 0
19.7245 0 0
19.753 0 0
19.7815 0 0
19.8101 0 0
19.8386 0 0
19.8671 0 0
19.8956 0 0
19.9241 0 0
19.9526 0 0
19.9811 0 0
20.0096 0 0
20.0381 0 0
20.0666 0 0
20.0951 0 0
20.1236 0 0
20.1521 0 0
20.1806 0 0
20.2091 0 0
20.2376 0 0
20.2661 0 0
20.2946 0 0
20.3231 0 0
20.3516 0 0
20.3801 0 0
20.4086 0 0
20.4371 0 0
20.4656 0 0
20.4941 0 0
20.5226 0 0
20.5511 0 0
20.5796 0 0
20.6082 0 0
20.6367 0 0
20.6652 0 0
20.6937 0 0
20.7222 0 0
20.7507 0 0
20.7792 0 0
20.8077 0 0
20.8362 0 0
20.8647 0 0
20.8932 0 0
20.9217 0 0
20.9502 0 0
20.9787 0 0
21.0072 0 0
21.0357 0 0
21.0642 0 0
21.0927 0 0
21.1212 0 0
21.1497 0 0
21.1782 0 0
21.2067 0 0
21.2352 0 0
21.2637 0 0
21.2922 0 0
21.3207 0 0
21.3492 0 0
21.3778 0 0
21.4063 0 0
21.4348 0 0
21.4633 0 0
21.4918 0 0
21.5203 0 0
21.5488 0 0
21.5773 0 0
21.6058 0 0
21.6343 0 0
21.6628 0 0
21.6913 0 0
21.7198 0 0
21.7483 0 0
21.7768 0 0
21.8053 0 0
21.8338 0 0
21.8623 0 0
21.8908 0 0
21.9193 0 0
21.9478 0 0
21.9763 0 0
22.0048 0 0
22.0333 0 0
22.0618 0 0
22.0903 0 0
22.1188 0 0
22.1474 0 0
22.1759 0 0
22.2044 0 0
22.2329 0 0
22.2614 0 0
22.2899 0 0
22.3184 0 0
22.3469 0 0
22.3754 0 0
22.4039 0 0
22.4324 0 0
22.4609 0 0
22.4894 0 0
22.5179 0 0
22.5464 0 0
22.5749 0 0
22.6034 0 0
22.6319 0 0
22.6604 0 0
22.6889 0 0
22.7174 0 0
22.7459 0 0
22.7744 0 0
22.8029 0 0
22.8314 0 0
22.8599 0 0
22.8884 0 0
22.917 0 0
22.9455 0 0
22.974 0 0
23.0025 0 0
23.031 0 0
23.0595 0 0
23.088 0 0
23.1165 0 0
23.145 0 0
23.1735 0 0
23.202 0 0
23.2305 0 0
23.259 0 0
23.2875 0 0
23.316 0 0
23.3445 0 0
23.373 0 0
23.4015 0 0
23.43 0 0
23.4585 0 0
23.487 0 0
23.5155 0 0
23.544 0 0
23.5725 0 0
23.601 0 0
23.6295 0 0
23.658 0 0
23.6865 0 0
23.7151 0 0
23.7436 0 0
23.7721 0 0
23.8006 0 0
23.8291 0 0
23.8576 0 0
23.8861 0 0
23.9146 0 0
23.9431 0 0
23.9716 0 0
24.0001 0 0
24.0286 0 0
24.0571 0 0
24.0856 0 0
24.1141 0 0
24.1426 0 0
24.1711 0 0
24.1996 0 0
24.2281 0 0
24.2566 0 0
24.2851 0 0
24.3136 0 0
24.3421 0 0
24.3706 0 0
24.3991 0 0
24.4276 0 0
24.4561 0 0
24.4847 0 0
24.5132 0 0
24.5417 0 0
24.5702 0 0
24.5987 0 0
24.6272 0 0
24.6557 0 0
24.6842 0 0
24.7127 0 0
24.7412 0 0
24.7697 0 0
24.7982 0 0
24.8267 0 0
24.8552 0 0
24.8837 0 0
24.9122 0 0
24.9407 0 0
24.9692 0 0
24.9977 0 0
25.0262 0 0
25.0547 0 0
25.0832 0 0
25.1117 0 0
25.1402 0 0
25.1687 0 0
25.1972 0 0
25.2257 0 0
25.2543 0 0
25.2828 0 0
25.3113 0 0
25.3398 0 0
25.3683 0 0
25.3968 0 0
25.4253 0 0
25.4538 0 0
25.4823 0 0
25.5108 0 0
25.5393 0 0
25.5678 0 0
25.5963 0 0
25.6248 0 0
25.6533 0 0
25.6818 0 0
25.7103 0 0
25.7388 0 0
25.7673 0 0
25.7958 0 0
25.8243 0 0
25.8528 0 0
25.8813 0 0
25.9098 0 0
25.9383 0 0
25.9668 0 0
25.9953 0 0
26.0239 0 0
26.0524 0 0
26.0809 0 0
26.1094 0 0
26.1379 0 0
26.1664 0 0
26.1949 0 0
26.2234 0 0
26.2519 0 0
26.2804 0 0
26.3089 0 0
26.3374 0 0
26.3659 0 0
26.3944 0 0
26.4229 0 0
26.4514 0 0
26.4799 0 0
26.5084 0 0
26.5369 0 0
26.5654 0 0
26.5939 0 0
26.6224 0 0
26.6509 0 0
26.6794 0 0
26.7079 0 0
26.7364 0 0
26.7649 0 0
26.7934 0 0
26.822 0 0
26.8505 0 0
26.879 0 0
26.9075 0 0
26.936 0 0
26.9645 0 0
26.993 0 0
27.0215 0 0
27.05 0 0
27.0785 0 0
27.107 0 0
27.1355 0 0
27.164 0 0
27.1925 0 0
27.221 0 0
27.2495 0 0
27.278 0 0
27.3065 0 0
27.335 0 0
27.3635 0 0
27.392 0 0
27.4205 0 0
27.449 0 0
27.4775 0 0
27.506 0 0
27.5345 0 0
27.563 0 0
27.5916 0 0
27.6201 0 0
27.6486 0 0
27.6771 0 0
27.7056 0 0
27.7341 0 0
27.7626 0 0
27.7911 0 0
27.8196 0 0
27.8481 0 0
27.8766 0 0
27.9051 0 0
27.9336 0 0
27.9621 0 0
27.9906 0 0
28.0191 0 0
28.0476 0 0
28.0761 0 0
28.1046 0 0
28.1331 0 0
28.1616 0 0
28.1901 0 0
28.2186 0 0
28.2471 0 0
28.2756 0 0
28.3041 0 0
28.3326 0 0
28.3612 0 0
28.3897 0 0
28.4182 0 0
28.4467 0 0
28.4752 0 0
28.5037 0 0
28.5322 0 0
28.5607 0 0
28.5892 0 0
28.6177 0 0
28.6462 0 0
28.6747 0 0
28.7032 0 0
28.7317 0 0
28.7602 0 0
28.7887 0 0
28.8172 0 0
28.8457 0 0
28.8742 0 0
28.9027 0 0
28.9312 0 0
28.9597 0 0
28.9882 0 0
29.0167 0 0
29.0452 0 0
29.0737 0 0
29.1022 0 0
29.1308 0 0
29.1593 0 0
29.1878 0 0
29.2163 0 0
29.2448 0 0
29.2733 0 0
29.3018 0 0
29.3303 0 0
29.3588 0 0
29.3873 0 0
29.4158 0 0
29.4443 0 0
29.4728 0 0
29.5013 0 0
29.5298 0 0
29.5583 0 0
29.5868 0 0
29.6153 0 0
29.6438 0 0
29.6723 0 0
29.7008 0 0
29.7293 0 0
29.7578 0 0
29.7863 0 0
29.8148 0 0
29.8433 0 0
29.8718 0 0
29.9003 0 0
29.9289 0 0
29.9574 0 0
29.9859 0 0
