0.0285037 0.000439815 0.000495372
0.0570073 0.00174262 0.00197845
0.085511 0.00387038 0.00444141
0.114015 0.00677636 0.00787259
0.142518 0.0104068 0.0122557
0.171022 0.0147025 0.0175692
0.199526 0.0196006 0.0237857
0.228029 0.0250362 0.030871
0.256533 0.0309434 0.0387845
0.285037 0.0372572 0.0474784
0.31354 0.0439139 0.0568975
0.342044 0.0508526 0.0669799
0.370548 0.0580152 0.0776571
0.399051 0.0653473 0.0888542
0.427555 0.0727982 0.100491
0.456059 0.0803206 0.112482
0.484562 0.087871 0.12474
0.513066 0.095409 0.137172
0.54157 0.102897 0.149685
0.570073 0.1103 0.162186
0.598577 0.117583 0.174581
0.627081 0.124717 0.18678
0.655584 0.131668 0.198692
0.684088 0.138407 0.210234
0.712592 0.144903 0.221323
0.741095 0.151126 0.231886
0.769599 0.157046 0.241852
0.798103 0.162632 0.251159
0.826606 0.167855 0.25975
0.85511 0.172685 0.267575
0.883614 0.177093 0.274593
0.912117 0.181051 0.280769
0.940621 0.184534 0.286076
0.969125 0.187516 0.290492
0.997628 0.189976 0.294005
1.02613 0.191897 0.296607
1.05464 0.193263 0.298296
1.08314 0.194063 0.29908
1.11164 0.194291 0.298967
1.14015 0.193946 0.297974
1.16865 0.19303 0.296123
1.19715 0.191551 0.293438
1.22566 0.189521 0.28995
1.25416 0.18696 0.285694
1.28267 0.183889 0.280705
1.31117 0.180334 0.275027
1.33967 0.176327 0.268703
1.36818 0.171902 0.261781
1.39668 0.167097 0.254312
1.42518 0.161952 0.246349
1.45369 0.15651 0.237948
1.48219 0.150815 0.229165
1.51069 0.144911 0.220061
1.5392 0.138847 0.210696
1.5677 0.132666 0.201134
1.59621 0.126416 0.191436
1.62471 0.120142 0.181668
1.65321 0.113887 0.171894
1.68172 0.107695 0.162176
1.71022 0.101606 0.15258
1.73872 0.0956598 0.143166
1.76723 0.0898934 0.133996
1.79573 0.0843417 0.125129
1.82423 0.0790371 0.116621
1.85274 0.07401 0.108526
1.88124 0.0692881 0.100895
1.90975 0.0648964 0.0937749
1.93825 0.0608579 0.0872086
1.96675 0.0571926 0.0812353
1.99526 0.0539181 0.0758891
2.02376 0.0510497 0.0711998
2.05226 0.0486 0.0671919
2.08077 0.0465789 0.0638853
2.10927 0.0449939 0.0612942
2.13778 0.04385 0.0594279
2.16628 0.0431495 0.0582904
2.19478 0.0428922 0.0578806
2.22329 0.0430753 0.0581923
2.25179 0.0436933 0.0592144
2.28029 0.0447383 0.0609311
2.3088 0.0461995 0.0633219
2.3373 0.048064 0.0663621
2.3658 0.050316 0.0700229
2.39431 0.0529375 0.0742719
2.42281 0.0559083 0.0790731
2.45132 0.0592056 0.0843872
2.47982 0.0628048 0.0901724
2.50832 0.0666793 0.0963842
2.53683 0.0708009 0.102976
2.56533 0.0751395 0.109899
2.59383 0.0796641 0.117104
2.62234 0.0843423 0.12454
2.65084 0.089141 0.132154
2.67934 0.0940264 0.139895
2.70785 0.0989646 0.147709
2.73635 0.103921 0.155546
2.76486 0.108863 0.163352
2.79336 0.113756 0.171078
2.82186 0.118567 0.178673
2.85037 0.123265 0.186089
2.87887 0.12782 0.193279
2.90737 0.132201 0.200199
2.93588 0.136383 0.206807
2.96438 0.140337 0.213061
2.99289 0.144042 0.218926
3.02139 0.147475 0.224366
3.04989 0.150616 0.229351
3.0784 0.153449 0.233852
3.1069 0.155957 0.237846
3.1354 0.158129 0.241311
3.16391 0.159955 0.24423
3.19241 0.161427 0.24659
3.22091 0.162539 0.248382
3.24942 0.163289 0.2496
3.27792 0.163677 0.250242
3.30643 0.163704 0.25031
3.33493 0.163375 0.249811
3.36343 0.162697 0.248754
3.39194 0.161678 0.247152
3.42044 0.16033 0.245023
3.44894 0.158664 0.242386
3.47745 0.156697 0.239265
3.50595 0.154444 0.235686
3.53446 0.151924 0.231679
3.56296 0.149155 0.227275
3.59146 0.146161 0.222508
3.61997 0.142962 0.217414
3.64847 0.139582 0.212031
3.67697 0.136045 0.206399
3.70548 0.132376 0.200557
3.73398 0.128602 0.194548
3.76248 0.124748 0.188412
3.79099 0.12084 0.182193
3.81949 0.116905 0.175933
3.848 0.112969 0.169673
3.8765 0.109058 0.163457
3.905 0.105199 0.157323
3.93351 0.101415 0.151312
3.96201 0.0977314 0.145463
3.99051 0.0941715 0.139812
4.01902 0.0907576 0.134394
4.04752 0.0875106 0.129243
4.07602 0.0844504 0.12439
4.10453 0.0815952 0.119863
4.13303 0.0789617 0.115688
4.16154 0.076565 0.111889
4.19004 0.0744183 0.108487
4.21854 0.0725331 0.105499
4.24705 0.0709189 0.102941
4.27555 0.0695834 0.100825
4.30405 0.0685321 0.0991581
4.33256 0.0677689 0.0979479
4.36106 0.0672954 0.0971965
4.38957 0.0671113 0.0969036
4.41807 0.0672145 0.0970658
4.44657 0.0676009 0.0976769
4.47508 0.0682645 0.0987275
4.50358 0.0691976 0.100206
4.53208 0.0703909 0.102097
4.56059 0.0718332 0.104383
4.58909 0.0735121 0.107045
4.61759 0.0754136 0.110061
4.6461 0.0775224 0.113407
4.6746 0.0798221 0.117056
4.70311 0.082295 0.120982
4.73161 0.0849228 0.125153
4.76011 0.0876862 0.129541
4.78862 0.0905653 0.134114
4.81712 0.0935396 0.138838
4.84562 0.0965883 0.143682
4.87413 0.0996903 0.14861
4.90263 0.102824 0.15359
4.93113 0.10597 0.158588
4.95964 0.109105 0.163571
4.98814 0.112209 0.168504
5.01665 0.115263 0.173358
5.04515 0.118246 0.178099
5.07365 0.12114 0.182698
5.10216 0.123927 0.187125
5.13066 0.126588 0.191355
5.15916 0.129109 0.19536
5.18767 0.131473 0.199116
5.21617 0.133668 0.202603
5.24468 0.13568 0.205799
5.27318 0.137498 0.208687
5.30168 0.139113 0.211251
5.33019 0.140516 0.213479
5.35869 0.1417 0.215358
5.38719 0.14266 0.216881
5.4157 0.143392 0.218043
5.4442 0.143893 0.218838
5.4727 0.144164 0.219267
5.50121 0.144205 0.219331
5.52971 0.144019 0.219033
5.55822 0.143608 0.21838
5.58672 0.142979 0.217381
5.61522 0.142139 0.216045
5.64373 0.141095 0.214386
5.67223 0.139857 0.212419
5.70073 0.138434 0.21016
5.72924 0.13684 0.207628
5.75774 0.135086 0.204842
5.78625 0.133185 0.201824
5.81475 0.131153 0.198597
5.84325 0.129004 0.195184
5.87176 0.126754 0.191611
5.90026 0.124419 0.187903
5.92876 0.122015 0.184086
5.95727 0.11956 0.180186
5.98577 0.11707 0.176232
6.01427 0.114562 0.172248
6.04278 0.112053 0.168263
6.07128 0.109559 0.164303
6.09979 0.107098 0.160393
6.12829 0.104684 0.15656
6.15679 0.102334 0.152827
6.1853 0.100063 0.149218
6.2138 0.0978833 0.145756
6.2423 0.0958099 0.142462
6.27081 0.0938547 0.139356
6.29931 0.0920296 0.136457
6.32781 0.0903449 0.13378
6.35632 0.0888104 0.131342
6.38482 0.0874343 0.129156
6.41333 0.0862241 0.127233
6.44183 0.0851858 0.125584
6.47033 0.0843242 0.124215
6.49884 0.0836431 0.123133
6.52734 0.0831448 0.122342
6.55584 0.0828306 0.121843
6.58435 0.0827004 0.121636
6.61285 0.0827529 0.121719
6.64136 0.0829856 0.122089
6.66986 0.083395 0.122739
6.69836 0.0839761 0.123663
6.72687 0.0847232 0.12485
6.75537 0.0856295 0.126289
6.78387 0.0866869 0.127969
6.81238 0.0878868 0.129876
6.84088 0.0892195 0.131993
6.86938 0.0906747 0.134304
6.89789 0.0922412 0.136793
6.92639 0.0939073 0.139439
6.9549 0.0956609 0.142225
6.9834 0.0974893 0.145129
7.0119 0.0993795 0.148131
7.04041 0.101318 0.15121
7.06891 0.103292 0.154345
7.09741 0.105287 0.157515
7.12592 0.10729 0.160697
7.15442 0.109288 0.16387
7.18292 0.111268 0.167014
7.21143 0.113216 0.170108
7.23993 0.11512 0.173132
7.26844 0.116968 0.176067
7.29694 0.118748 0.178895
7.32544 0.120449 0.181597
7.35395 0.122061 0.184157
7.38245 0.123574 0.186561
7.41095 0.12498 0.188793
7.43946 0.126269 0.190842
7.46796 0.127436 0.192695
7.49647 0.128473 0.194342
7.52497 0.129376 0.195776
7.55347 0.130139 0.196989
7.58198 0.13076 0.197975
7.61048 0.131236 0.198731
7.63898 0.131565 0.199254
7.66749 0.131748 0.199544
7.69599 0.131784 0.199601
7.72449 0.131674 0.199428
7.753 0.131423 0.199028
7.7815 0.131032 0.198407
7.81001 0.130506 0.197571
7.83851 0.12985 0.196529
7.86701 0.129069 0.19529
7.89552 0.128172 0.193864
7.92402 0.127164 0.192263
7.95252 0.126054 0.1905
7.98103 0.12485 0.188588
8.00953 0.123562 0.186542
8.03803 0.122199 0.184376
8.06654 0.12077 0.182108
8.09504 0.119287 0.179752
8.12355 0.117759 0.177325
8.15205 0.116198 0.174845
8.18055 0.114614 0.172329
8.20906 0.113017 0.169793
8.23756 0.11142 0.167255
8.26606 0.109831 0.164731
8.29457 0.108262 0.162239
8.32307 0.106722 0.159794
8.35158 0.105223 0.157412
8.38008 0.103772 0.155108
8.40858 0.10238 0.152896
8.43709 0.101055 0.150791
8.46559 0.099804 0.148805
8.49409 0.0986357 0.146949
8.5226 0.0975563 0.145234
8.5511 0.0965722 0.143671
8.5796 0.0956886 0.142268
8.60811 0.0949103 0.141032
8.63661 0.0942413 0.139969
8.66512 0.0936846 0.139085
8.69362 0.0932428 0.138383
8.72212 0.0929173 0.137866
8.75063 0.092709 0.137535
8.77913 0.0926179 0.13739
8.80763 0.0926433 0.137431
8.83614 0.0927836 0.137653
8.86464 0.0930365 0.138055
8.89315 0.0933991 0.138631
8.92165 0.0938677 0.139375
8.95015 0.0944379 0.140281
8.97866 0.0951047 0.14134
9.00716 0.0958627 0.142544
9.03566 0.0967057 0.143883
9.06417 0.0976271 0.145347
9.09267 0.0986199 0.146924
9.12117 0.0996767 0.148602
9.14968 0.10079 0.15037
9.17818 0.101951 0.152215
9.20669 0.103152 0.154123
9.23519 0.104385 0.156081
9.26369 0.10564 0.158075
9.2922 0.10691 0.160092
9.3207 0.108186 0.162118
9.3492 0.109458 0.16414
9.37771 0.11072 0.166143
9.40621 0.111962 0.168116
9.43471 0.113176 0.170045
9.46322 0.114356 0.171919
9.49172 0.115492 0.173724
9.52023 0.116579 0.175451
9.54873 0.11761 0.177088
9.57723 0.118578 0.178626
9.60574 0.119478 0.180055
9.63424 0.120305 0.181368
9.66274 0.121053 0.182557
9.69125 0.12172 0.183616
9.71975 0.1223 0.184538
9.74826 0.122793 0.18532
9.77676 0.123195 0.185959
9.80526 0.123504 0.18645
9.83377 0.123721 0.186794
9.86227 0.123843 0.186989
9.89077 0.123873 0.187035
9.91928 0.12381 0.186935
9.94778 0.123656 0.18669
9.97628 0.123413 0.186305
10.0048 -0.0312915 0.0119064
10.0333 -0.335052 -0.335928
10.0618 -0.626405 -0.682131
10.0903 -0.902257 -1.02534
10.1188 -1.16008 -1.36391
10.1473 -1.39793 -1.69598
10.1758 -1.61444 -2.01942
10.2043 -1.80878 -2.33194
10.2328 -1.98064 -2.63108
10.2613 -2.13015 -2.91432
10.2898 -2.25779 -3.17909
10.3183 -2.36438 -3.42288
10.3468 -2.45092 -3.64329
10.3753 -2.51859 -3.83807
10.4038 -2.5686 -4.0052
10.4323 -2.6022 -4.14295
10.4608 -2.62055 -4.2499
10.4894 -2.62474 -4.32498
10.5179 -2.61569 -4.36752
10.5464 -2.59419 -4.37721
10.5749 -2.56085 -4.35415
10.6034 -2.5161 -4.2988
10.6319 -2.46024 -4.21202
10.6604 -2.39343 -4.09499
10.6889 -2.31571 -3.94918
10.7174 -2.2271 -3.77637
10.7459 -2.12753 -3.57855
10.7744 -2.017 -3.35787
10.8029 -1.89551 -3.11667
10.8314 -1.76319 -2.85737
10.8599 -1.62024 -2.58243
10.8884 -1.46705 -2.29436
10.9169 -1.30415 -1.99564
10.9454 -1.13225 -1.68872
10.9739 -0.952228 -1.37599
11.0024 -0.765164 -1.05974
11.0309 -0.572291 -0.742163
11.0594 -0.374999 -0.425368
11.0879 -0.174806 -0.111332
11.1164 0.0266665 0.198072
11.1449 0.227722 0.501084
11.1734 0.426627 0.796052
11.2019 0.621637 1.08142
11.2304 0.811038 1.35574
11.2589 0.993172 1.61764
11.2875 1.16647 1.86584
11.316 1.32948 2.09914
11.3445 1.48088 2.3164
11.373 1.6195 2.51658
11.4015 1.74437 2.6987
11.43 1.85466 2.86186
11.4585 1.94974 3.00526
11.487 2.02915 3.12817
11.5155 2.09262 3.22997
11.544 2.14005 3.31013
11.5725 2.17147 3.36825
11.601 2.1871 3.40405
11.6295 2.18724 3.41738
11.658 2.17235 3.40824
11.6865 2.14294 3.37676
11.715 2.09965 3.32324
11.7435 2.04316 3.24811
11.772 1.9742 3.152
11.8005 1.89354 3.03566
11.829 1.802 2.9
11.8575 1.70041 2.74608
11.886 1.58961 2.57509
11.9145 1.47045 2.38837
11.943 1.3438 2.18736
11.9715 1.21051 1.97359
12 1.07147 1.74871
12.0285 0.927551 1.51441
12.0571 0.779624 1.27245
12.0856 0.62858 1.02462
12.1141 0.475312 0.772753
12.1426 0.320719 0.518652
12.1711 0.165709 0.26413
12.1996 0.0111936 0.0109647
12.2281 -0.14191 -0.239106
12.2566 -0.292684 -0.484401
12.2851 -0.440216 -0.723305
12.3136 -0.583601 -0.954281
12.3421 -0.721949 -1.17588
12.3706 -0.854391 -1.38674
12.3991 -0.980087 -1.58562
12.4276 -1.09824 -1.77136
12.4561 -1.20808 -1.94292
12.4846 -1.30892 -2.09939
12.5131 -1.4001 -2.23995
12.5416 -1.48107 -2.36391
12.5701 -1.5513 -2.47071
12.5986 -1.6104 -2.55987
12.6271 -1.65802 -2.63108
12.6556 -1.69392 -2.6841
12.6841 -1.71795 -2.71883
12.7126 -1.73005 -2.73528
12.7411 -1.73025 -2.73358
12.7696 -1.71869 -2.71394
12.7981 -1.69557 -2.67671
12.8267 -1.6612 -2.62234
12.8552 -1.61595 -2.55136
12.8837 -1.56029 -2.46442
12.9122 -1.49475 -2.36226
12.9407 -1.41992 -2.2457
12.9692 -1.33645 -2.11565
12.9977 -1.24503 -1.9731
13.0262 -1.14642 -1.81911
13.0547 -1.04139 -1.65481
13.0832 -0.930743 -1.48138
13.1117 -0.815318 -1.30006
13.1402 -0.695956 -1.11213
13.1687 -0.573512 -0.918906
13.1972 -0.448843 -0.721721
13.2257 -0.322803 -0.521931
13.2542 -0.196241 -0.320896
13.2827 -0.0699908 -0.119974
13.3112 0.0551291 0.0794931
13.3397 0.178322 0.276183
13.3682 0.298814 0.468806
13.3967 0.415864 0.656113
13.4252 0.52876 0.836906
13.4537 0.636824 1.01004
13.4822 0.739421 1.17445
13.5107 0.835952 1.32911
13.5392 0.925866 1.47312
13.5677 1.00866 1.60562
13.5963 1.08387 1.72586
13.6248 1.15109 1.83318
13.6533 1.20999 1.92703
13.6818 1.26025 2.00693
13.7103 1.30163 2.07252
13.7388 1.33398 2.12354
13.7673 1.35715 2.15983
13.7958 1.37109 2.18132
13.8243 1.3758 2.18805
13.8528 1.37135 2.18017
13.8813 1.35785 2.15791
13.9098 1.3355 2.12158
13.9383 1.30451 2.0716
13.9668 1.26521 2.00848
13.9953 1.21792 1.93278
14.0238 1.16306 1.84516
14.0523 1.10107 1.74635
14.0808 1.03244 1.63713
14.1093 0.957711 1.51835
14.1378 0.877447 1.39091
14.1663 0.792251 1.25575
14.1948 0.702751 1.11385
14.2233 0.609599 0.966228
14.2518 0.513462 0.813929
14.2803 0.415022 0.658011
14.3088 0.314967 0.499545
14.3373 0.213987 0.339607
14.3658 0.11277 0.179272
14.3944 0.011997 0.0196043
14.4229 -0.0876628 -0.138348
14.4514 -0.185557 -0.293559
14.4799 -0.281054 -0.445032
14.5084 -0.373546 -0.591806
14.5369 -0.462454 -0.732961
14.5654 -0.54723 -0.867626
14.5939 -0.627363 -0.994981
14.6224 -0.702376 -1.11426
14.6509 -0.771835 -1.22477
14.6794 -0.835349 -1.32587
14.7079 -0.892568 -1.417
14.7364 -0.943191 -1.49767
14.7649 -0.986963 -1.56746
14.7934 -1.02368 -1.62602
14.8219 -1.05317 -1.67311
14.8504 -1.07535 -1.70853
14.8789 -1.09014 -1.73219
14.9074 -1.09753 -1.74407
14.9359 -1.09757 -1.74422
14.9644 -1.09034 -1.73278
14.9929 -1.07597 -1.70996
15.0214 -1.05463 -1.67605
15.0499 -1.02656 -1.6314
15.0784 -0.992013 -1.57643
15.1069 -0.95129 -1.51163
15.1354 -0.904732 -1.43754
15.164 -0.852714 -1.35478
15.1925 -0.795643 -1.26398
15.221 -0.733954 -1.16585
15.2495 -0.668107 -1.06113
15.278 -0.598588 -0.950584
15.3065 -0.525898 -0.835021
15.335 -0.450555 -0.715267
15.3635 -0.373091 -0.592165
15.392 -0.294044 -0.466572
15.4205 -0.213957 -0.339349
15.449 -0.133375 -0.211361
15.4775 -0.0528375 -0.0834658
15.506 0.0271188 0.0434901
15.5345 0.105969 0.168675
15.563 0.183202 0.291281
15.5915 0.258321 0.410523
15.62 0.330852 0.525651
15.6485 0.400343 0.63595
15.677 0.466364 0.740743
15.7055 0.528519 0.839402
15.734 0.586439 0.931341
15.7625 0.639787 1.01603
15.791 0.688262 1.09299
15.8195 0.7316 1.16181
15.848 0.769571 1.22211
15.8765 0.801988 1.2736
15.905 0.828699 1.31604
15.9336 0.849594 1.34926
15.9621 0.864604 1.37313
15.9906 0.873697 1.38761
16.0191 0.876883 1.39272
16.0476 0.87421 1.38851
16.0761 0.865765 1.37515
16.1046 0.851672 1.3528
16.1331 0.832091 1.32174
16.1616 0.807216 1.28226
16.1901 0.777275 1.23473
16.2186 0.742525 1.17956
16.2471 0.703254 1.1172
16.2756 0.659774 1.04814
16.3041 0.612423 0.972931
16.3326 0.561561 0.892136
16.3611 0.507566 0.806358
16.3896 0.450832 0.716225
16.4181 0.391767 0.622386
16.4466 0.330791 0.525508
16.4751 0.268329 0.426269
16.5036 0.204814 0.325356
16.5321 0.140678 0.223459
16.5606 0.0763552 0.121265
16.5891 0.0122733 0.0194561
16.6176 -0.051145 -0.0812951
16.6461 -0.113487 -0.180333
16.6746 -0.174351 -0.277019
16.7032 -0.23335 -0.370739
16.7317 -0.290115 -0.460906
16.7602 -0.344294 -0.546963
16.7887 -0.395558 -0.628386
16.8172 -0.443601 -0.704689
16.8457 -0.488141 -0.775425
16.8742 -0.528922 -0.840189
16.9027 -0.565718 -0.898622
16.9312 -0.59833 -0.95041
16.9597 -0.62659 -0.995285
16.9882 -0.650362 -1.03303
17.0167 -0.66954 -1.06348
17.0452 -0.684049 -1.08652
17.0737 -0.693848 -1.10207
17.1022 -0.698926 -1.11013
17.1307 -0.699304 -1.11073
17.1592 -0.695035 -1.10395
17.1877 -0.686202 -1.08992
17.2162 -0.672915 -1.06882
17.2447 -0.655316 -1.04087
17.2732 -0.633571 -1.00633
17.3017 -0.607874 -0.965519
17.3302 -0.57844 -0.918774
17.3587 -0.545509 -0.866474
17.3872 -0.50934 -0.809031
17.4157 -0.470212 -0.746887
17.4442 -0.428418 -0.680508
17.4727 -0.384267 -0.610385
17.5013 -0.33808 -0.537026
17.5298 -0.290187 -0.460957
17.5583 -0.240926 -0.382713
17.5868 -0.190639 -0.302839
17.6153 -0.139673 -0.221885
17.6438 -0.0883741 -0.1404
17.6723 -0.037086 -0.0589315
17.7008 0.0138507 0.0219795
17.7293 0.0641022 0.101803
17.7578 0.113343 0.180021
17.7863 0.161258 0.256133
17.8148 0.207544 0.329659
17.8433 0.251914 0.40014
17.8718 0.294095 0.467144
17.9003 0.333832 0.530268
17.9288 0.370892 0.589136
17.9573 0.405058 0.643407
17.9858 0.436137 0.692776
18.0143 0.46396 0.736971
18.0428 0.488379 0.775759
18.0713 0.509273 0.808945
18.0998 0.526542 0.836375
18.1283 0.540116 0.857934
18.1568 0.549946 0.873547
18.1853 0.556011 0.883179
18.2138 0.558315 0.886836
18.2423 0.556886 0.884564
18.2709 0.551777 0.876446
18.2994 0.543065 0.862605
18.3279 0.530849 0.843199
18.3564 0.515252 0.818422
18.3849 0.496415 0.788501
18.4134 0.474503 0.753694
18.4419 0.449696 0.71429
18.4704 0.422192 0.670603
18.4989 0.392206 0.622973
18.5274 0.359966 0.571763
18.5559 0.325711 0.517354
18.5844 0.289693 0.460144
18.6129 0.252172 0.400546
18.6414 0.213413 0.338982
18.6699 0.173689 0.275886
18.6984 0.133275 0.211693
18.7269 0.0924463 0.146842
18.7554 0.0514796 0.0817719
18.7839 0.0106483 0.0169163
18.8124 -0.0297782 -0.0472964
18.8409 -0.0695362 -0.110448
18.8694 -0.10837 -0.17213
18.8979 -0.146031 -0.231952
18.9264 -0.182285 -0.289538
18.9549 -0.216907 -0.344531
18.9834 -0.249685 -0.396597
19.0119 -0.280425 -0.445424
19.0405 -0.308944 -0.490725
19.069 -0.335081 -0.532242
19.0975 -0.35869 -0.569742
19.126 -0.379642 -0.603024
19.1545 -0.39783 -0.631915
19.183 -0.413166 -0.656275
19.2115 -0.425581 -0.675995
19.24 -0.435026 -0.690998
19.2685 -0.441473 -0.701239
19.297 -0.444915 -0.706707
19.3255 -0.445363 -0.707419
19.354 -0.44285 -0.703427
19.3825 -0.437426 -0.694812
19.411 -0.429162 -0.681685
19.4395 -0.418146 -0.664186
19.468 -0.404482 -0.642482
19.4965 -0.388292 -0.616766
19.525 -0.369713 -0.587255
19.5535 -0.348897 -0.554189
19.582 -0.326007 -0.51783
19.6105 -0.301219 -0.478457
19.639 -0.27472 -0.436366
19.6675 -0.246706 -0.391868
19.696 -0.217381 -0.345288
19.7245 -0.186955 -0.296958
19.753 -0.155641 -0.247219
19.7815 -0.123659 -0.196419
19.8101 -0.0912285 -0.144906
19.8386 -0.05857 -0.0930314
19.8671 -0.025903 -0.0411431
19.8956 0.00655564 0.0104141
19.9241 0.0385928 0.0613018
19.9526 0.0700007 0.11119
19.9811 0.100578 0.159759
20.0096 0.130132 0.206702
20.0381 0.158478 0.251727
20.0666 0.185442 0.294556
20.0951 0.210861 0.334931
20.1236 0.234584 0.372613
20.1521 0.256473 0.407383
20.1806 0.276406 0.439043
20.2091 0.294271 0.46742
20.2376 0.309975 0.492365
20.2661 0.323439 0.51375
20.2946 0.334598 0.531476
20.3231 0.343407 0.545468
20.3516 0.349833 0.555676
20.3801 0.353863 0.562077
20.4086 0.355496 0.564671
20.4371 0.354751 0.563488
20.4656 0.35166 0.558577
20.4941 0.34627 0.550016
20.5226 0.338644 0.537904
20.5511 0.328859 0.522362
20.5796 0.317006 0.503533
20.6082 0.303186 0.481581
20.6367 0.287514 0.456688
20.6652 0.270116 0.429054
20.6937 0.251128 0.398893
20.7222 0.230694 0.366435
20.7507 0.208966 0.331923
20.7792 0.186105 0.29561
20.8077 0.162274 0.257757
20.8362 0.137643 0.218633
20.8647 0.112386 0.178514
20.8932 0.0866766 0.137677
20.9217 0.0606913 0.0964022
20.9502 0.0346057 0.0549677
20.9787 0.00859411 0.0136508
21.0072 -0.0171716 -0.0272757
21.0357 -0.0425234 -0.0675445
21.0642 -0.0672977 -0.106896
21.0927 -0.0913367 -0.14508
21.1212 -0.11449 -0.181856
21.1497 -0.136613 -0.216997
21.1782 -0.157572 -0.250288
21.2067 -0.177241 -0.28153
21.2352 -0.195504 -0.310539
21.2637 -0.212257 -0.337149
21.2922 -0.227405 -0.361211
21.3207 -0.240868 -0.382596
21.3492 -0.252575 -0.401192
21.3778 -0.26247 -0.416908
21.4063 -0.270506 -0.429673
21.4348 -0.276654 -0.439438
21.4633 -0.280893 -0.446172
21.4918 -0.283219 -0.449866
21.5203 -0.283637 -0.45053
21.5488 -0.282168 -0.448196
21.5773 -0.278843 -0.442915
21.6058 -0.273705 -0.434754
21.6343 -0.266811 -0.423803
21.6628 -0.258225 -0.410166
21.6913 -0.248026 -0.393965
21.7198 -0.236299 -0.375338
21.7483 -0.22314 -0.354436
21.7768 -0.208652 -0.331424
21.8053 -0.192949 -0.306481
21.8338 -0.176147 -0.279793
21.8623 -0.158372 -0.251559
21.8908 -0.139753 -0.221984
21.9193 -0.120423 -0.19128
21.9478 -0.100518 -0.159663
21.9763 -0.080178 -0.127355
22.0048 -0.0595426 -0.0945777
22.0333 -0.0387522 -0.0615542
22.0618 -0.0179467 -0.0285066
22.0903 0.00273575 0.00434542
22.1188 0.0231592 0.0367861
22.1474 0.043191 0.0686048
22.1759 0.062703 0.0995976
22.2044 0.0815714 0.129568
22.2329 0.0996787 0.15833
22.2614 0.116914 0.185706
22.2899 0.133172 0.21153
22.3184 0.148356 0.23565
22.3469 0.162379 0.257924
22.3754 0.175161 0.278227
22.4039 0.186632 0.296446
22.4324 0.196729 0.312486
22.4609 0.205404 0.326264
22.4894 0.212614 0.337717
22.5179 0.218328 0.346794
22.5464 0.222527 0.353463
22.5749 0.2252 0.357708
22.6034 0.226347 0.35953
22.6319 0.225978 0.358944
22.6604 0.224113 0.355982
22.6889 0.220782 0.350691
22.7174 0.216024 0.343134
22.7459 0.209888 0.333387
22.7744 0.20243 0.321541
22.8029 0.193715 0.307698
22.8314 0.183816 0.291974
22.8599 0.172812 0.274495
22.8884 0.160788 0.255397
22.917 0.147838 0.234826
22.9455 0.134057 0.212936
22.974 0.119546 0.189888
23.0025 0.104411 0.165847
23.031 0.0887592 0.140985
23.0595 0.0727003 0.115477
23.088 0.0563458 0.0894998
23.1165 0.0398077 0.0632306
23.145 0.0231979 0.0368476
23.1735 0.00662756 0.0105272
23.202 -0.00979384 -0.0155565
23.2305 -0.025959 -0.0412333
23.259 -0.0417636 -0.0663375
23.2875 -0.057107 -0.0907089
23.316 -0.0718926 -0.114194
23.3445 -0.0860288 -0.136648
23.373 -0.0994293 -0.157934
23.4015 -0.112014 -0.177923
23.43 -0.123708 -0.196499
23.4585 -0.134445 -0.213553
23.487 -0.144165 -0.228992
23.5155 -0.152814 -0.242731
23.544 -0.160349 -0.254698
23.5725 -0.166731 -0.264836
23.601 -0.171932 -0.273097
23.6295 -0.175931 -0.279449
23.658 -0.178716 -0.283873
23.6865 -0.180282 -0.28636
23.7151 -0.180633 -0.286918
23.7436 -0.179781 -0.285565
23.7721 -0.177745 -0.282331
23.8006 -0.174554 -0.277262
23.8291 -0.17024 -0.27041
23.8576 -0.164847 -0.261844
23.8861 -0.158423 -0.251639
23.9146 -0.151021 -0.239883
23.9431 -0.142704 -0.226671
23.9716 -0.133536 -0.212108
24.0001 -0.123588 -0.196307
24.0286 -0.112936 -0.179387
24.0571 -0.101658 -0.161473
24.0856 -0.0898361 -0.142696
24.1141 -0.077556 -0.12319
24.1426 -0.064904 -0.103094
24.1711 -0.0519686 -0.082547
24.1996 -0.0388387 -0.0616916
24.2281 -0.025604 -0.0406695
24.2566 -0.0123534 -0.0196222
24.2851 0.0008249 0.00131028
24.3136 0.0138443 0.0219903
24.3421 0.0266202 0.0422836
24.3706 0.0390706 0.0620598
24.3991 0.0511166 0.0811939
24.4276 0.0626831 0.0995661
24.4561 0.0736989 0.117064
24.4847 0.0840971 0.13358
24.5132 0.093816 0.149018
24.5417 0.102799 0.163286
24.5702 0.110995 0.176305
24.5987 0.118359 0.188001
24.6272 0.124851 0.198314
24.6557 0.130439 0.20719
24.6842 0.135096 0.214587
24.7127 0.138802 0.220474
24.7412 0.141544 0.224828
24.7697 0.143314 0.22764
24.7982 0.144112 0.228908
24.8267 0.143944 0.228641
24.8552 0.142822 0.22686
24.8837 0.140766 0.223593
24.9122 0.137799 0.218881
24.9407 0.133952 0.21277
24.9692 0.129261 0.205318
24.9977 0.123766 0.19659
25.0262 0.117513 0.186659
25.0547 0.110554 0.175604
25.0832 0.102941 0.163512
25.1117 0.094734 0.150476
25.1402 0.0859935 0.136592
25.1687 0.076784 0.121964
25.1972 0.067172 0.106696
25.2257 0.057226 0.0908979
25.2543 0.047016 0.0746803
25.2828 0.0366127 0.0581558
25.3113 0.0260876 0.0414376
25.3398 0.0155118 0.024639
25.3683 0.00495625 0.00787253
25.3968 -0.00550931 -0.008751
25.4253 -0.0158164 -0.0251229
25.4538 -0.0258985 -0.0411373
25.4823 -0.0356914 -0.0566923
25.5108 -0.0451332 -0.0716897
25.5393 -0.0541655 -0.0860367
25.5678 -0.0627331 -0.0996455
25.5963 -0.0707845 -0.112434
25.6248 -0.0782723 -0.124328
25.6533 -0.0851533 -0.135258
25.6818 -0.0913889 -0.145162
25.7103 -0.0969452 -0.153988
25.7388 -0.101793 -0.161689
25.7673 -0.105909 -0.168227
25.7958 -0.109274 -0.173572
25.8243 -0.111875 -0.177702
25.8528 -0.113702 -0.180605
25.8813 -0.114754 -0.182275
25.9098 -0.115031 -0.182716
25.9383 -0.114542 -0.181939
25.9668 -0.113298 -0.179963
25.9953 -0.111317 -0.176816
26.0239 -0.108619 -0.172531
26.0524 -0.105232 -0.167151
26.0809 -0.101186 -0.160724
26.1094 -0.0965154 -0.153305
26.1379 -0.0912584 -0.144955
26.1664 -0.0854569 -0.13574
26.1949 -0.0791557 -0.125731
26.2234 -0.0724023 -0.115004
26.2519 -0.0652471 -0.103639
26.2804 -0.057742 -0.0917175
26.3089 -0.049941 -0.0793264
26.3374 -0.0418993 -0.066553
26.3659 -0.0336732 -0.0534866
26.3944 -0.0253193 -0.0402172
26.4229 -0.0168946 -0.0268354
26.4514 -0.00845583 -0.0134313
26.4799 -5.92276e-005 -9.40774e-005
26.5084 0.00824 0.0130884
26.5369 0.0163879 0.0260306
26.5654 0.0243321 0.0386492
26.5939 0.0320223 0.0508644
26.6224 0.0394104 0.0625997
26.6509 0.0464509 0.0737827
26.6794 0.053101 0.0843458
26.7079 0.0593212 0.094226
26.7364 0.0650752 0.103366
26.7649 0.0703303 0.111713
26.7934 0.0750572 0.119221
26.822 0.0792309 0.125851
26.8505 0.0828301 0.131568
26.879 0.0858375 0.136345
26.9075 0.0882401 0.140161
26.936 0.090029 0.143002
26.9645 0.0911994 0.144861
26.993 0.0917508 0.145737
27.0215 0.0916868 0.145636
27.05 0.0910149 0.144568
27.0785 0.0897466 0.142554
27.107 0.0878973 0.139616
27.1355 0.0854862 0.135787
27.164 0.0825356 0.1311
27.1925 0.0790715 0.125597
27.221 0.0751229 0.119325
27.2495 0.0707216 0.112334
27.278 0.065902 0.104679
27.3065 0.0607011 0.0964179
27.335 0.0551579 0.087613
27.3635 0.049313 0.078329
27.392 0.0432089 0.0686332
27.4205 0.036889 0.0585947
27.449 0.0303979 0.0482841
27.4775 0.0237805 0.0377731
27.506 0.0170824 0.0271337
27.5345 0.0103488 0.0164381
27.563 0.00362496 0.00575789
27.5916 -0.00304466 -0.00483615
27.6201 -0.00961641 -0.0152747
27.6486 -0.0160478 -0.0254904
27.6771 -0.0222978 -0.0354178
27.7056 -0.0283269 -0.0449946
27.7341 -0.0340979 -0.0541612
27.7626 -0.0395753 -0.0628615
27.7911 -0.0447262 -0.0710432
27.8196 -0.0495202 -0.0786581
27.8481 -0.0539297 -0.0856622
27.8766 -0.0579299 -0.092016
27.9051 -0.0614989 -0.0976851
27.9336 -0.0646182 -0.10264
27.9621 -0.0672722 -0.106855
27.9906 -0.0694487 -0.110313
28.0191 -0.0711389 -0.112997
28.0476 -0.0723371 -0.114901
28.0761 -0.0730413 -0.116019
28.1046 -0.0732524 -0.116354
28.1331 -0.0729747 -0.115913
28.1616 -0.0722159 -0.114708
28.1901 -0.0709866 -0.112755
28.2186 -0.0693004 -0.110077
28.2471 -0.0671737 -0.106699
28.2756 -0.064626 -0.102652
28.3041 -0.0616789 -0.0979709
28.3326 -0.0583567 -0.0926939
28.3612 -0.0546858 -0.086863
28.3897 -0.0506946 -0.0805235
28.4182 -0.0464134 -0.0737232
28.4467 -0.0418739 -0.0665127
28.4752 -0.0371094 -0.0589447
28.5037 -0.032154 -0.0510735
28.5322 -0.0270429 -0.042955
28.5607 -0.0218117 -0.0346458
28.5892 -0.0164967 -0.0262034
28.6177 -0.0111341 -0.0176854
28.6462 -0.00575997 -0.00914915
28.6747 -0.000410213 -0.000651583
28.7032 0.00487997 0.00775136
28.7317 0.0100762 0.016005
28.7602 0.015145 0.0240563
28.7887 0.0200542 0.0318542
28.8172 0.0247732 0.0393498
28.8457 0.0292727 0.0464969
28.8742 0.0335256 0.0532521
28.9027 0.0375064 0.0595752
28.9312 0.0411918 0.0654292
28.9597 0.0445609 0.0707808
28.9882 0.047595 0.0756001
29.0167 0.0502778 0.0798615
29.0452 0.0525957 0.0835431
29.0737 0.0545374 0.0866274
29.1022 0.0560945 0.0891006
29.1308 0.057261 0.0909536
29.1593 0.0580339 0.0921813
29.1878 0.0584126 0.0927828
29.2163 0.0583991 0.0927613
29.2448 0.0579981 0.0921244
29.2733 0.0572168 0.0908834
29.3018 0.0560648 0.0890535
29.3303 0.054554 0.0866537
29.3588 0.0526987 0.0837067
29.3873 0.0505151 0.0802384
29.4158 0.0480217 0.0762778
29.4443 0.0452385 0.071857
29.4728 0.0421875 0.0670107
29.5013 0.0388919 0.061776
29.5298 0.0353765 0.0561922
29.5583 0.0316673 0.0503004
29.5868 0.027791 0.0441433
29.6153 0.0237754 0.0377649
29.6438 0.0196487 0.03121
29.6723 0.0154396 0.0245243
29.7008 0.0111771 0.0177537
29.7293 0.00688997 0.0109441
29.7578 0.00260705 0.00414105
29.7863 -0.0016433 -0.00261022
29.8148 -0.00583325 -0.00926556
29.8433 -0.0099357 -0.0157819
29.8718 -0.0139244 -0.0221176
29.9003 -0.0177743 -0.0282327
29.9289 -0.0214613 -0.0340892
29.9574 -0.0249629 -0.0396512
29.9859 -0.0282581 -0.0448852
